____________________________________________________________
SV/
rmse
3×3 Array{Float64,2}:
 0.228  0.095  0.102
 0.088  0.07   0.075
 0.42   0.269  0.335
bias
3×3 Array{Float64,2}:
  0.054  -0.022  -0.028
  0.013  -0.014   0.001
 -0.027   0.082  -0.011
c90
3×3 Array{Float64,2}:
 0.876  0.93   0.944
 0.704  0.904  0.88
 0.792  0.906  0.902
c95
3×3 Array{Float64,2}:
 0.918  0.966  0.97
 0.798  0.946  0.95
 0.874  0.952  0.946
c99
3×3 Array{Float64,2}:
 0.956  0.996  0.994
 0.866  0.984  0.992
 0.93   0.99   0.994____________________________________________________________
DPD/
rmse
3×3 Array{Float64,2}:
 0.059  0.057  0.057
 0.075  0.07   0.067
 0.069  0.076  0.075
bias
3×3 Array{Float64,2}:
 -0.002   0.003  0.003
  0.0    -0.0    0.0
  0.005  -0.004  0.002
c90
3×3 Array{Float64,2}:
 0.888  0.908  0.896
 0.9    0.916  0.914
 0.908  0.9    0.898
c95
3×3 Array{Float64,2}:
 0.94   0.952  0.956
 0.954  0.962  0.96
 0.954  0.944  0.946
c99
3×3 Array{Float64,2}:
 0.996  0.994  0.994
 0.988  0.99   0.986
 0.996  0.984  0.978____________________________________________________________
ARMA/
rmse
3×3 Array{Float64,2}:
 0.028  0.038  0.046
 0.158  0.144  0.162
 0.099  0.088  0.086
bias
3×3 Array{Float64,2}:
 -0.004  -0.008  -0.005
  0.016  -0.013   0.001
  0.004  -0.009  -0.006
c90
3×3 Array{Float64,2}:
 0.786  0.898  0.914
 0.814  0.924  0.938
 0.808  0.91   0.908
c95
3×3 Array{Float64,2}:
 0.838  0.956  0.966
 0.856  0.964  0.966
 0.88   0.952  0.954
c99
3×3 Array{Float64,2}:
 0.898  0.996  0.998
 0.916  0.984  0.988
 0.92   0.996  0.992
