θtrue = [0.6921171816887304, 0.9, 0.363]
____________________________________________________________
SV/
rmse
3×3 Array{Float64,2}:
 0.123  0.066  0.075
 0.086  0.068  0.072
 0.138  0.114  0.133
bias
3×3 Array{Float64,2}:
 0.011  -0.012  -0.018
 0.001  -0.011   0.003
 0.012   0.028  -0.006
c90
3×3 Array{Float64,2}:
 0.876  0.926  0.936
 0.732  0.886  0.894
 0.762  0.872  0.88
c95
3×3 Array{Float64,2}:
 0.916  0.954  0.966
 0.796  0.94   0.95
 0.824  0.93   0.95
c99
3×3 Array{Float64,2}:
 0.936  0.982  0.984
 0.848  0.986  0.988
 0.888  0.974  0.984____________________________________________________________
DPD/
rmse
3×3 Array{Float64,2}:
 0.036  0.034  0.034
 0.075  0.07   0.067
 0.139  0.152  0.151
bias
3×3 Array{Float64,2}:
 -0.001   0.002  0.002
  0.0    -0.0    0.0
  0.01   -0.008  0.003
c90
3×3 Array{Float64,2}:
 0.888  0.908  0.896
 0.9    0.916  0.914
 0.908  0.9    0.898
c95
3×3 Array{Float64,2}:
 0.94   0.952  0.956
 0.954  0.962  0.96
 0.954  0.944  0.946
c99
3×3 Array{Float64,2}:
 0.996  0.994  0.994
 0.988  0.99   0.986
 0.996  0.984  0.978____________________________________________________________
ARMA/
rmse
3×3 Array{Float64,2}:
 0.027  0.036  0.043
 0.079  0.072  0.081
 0.099  0.088  0.086
bias
3×3 Array{Float64,2}:
 -0.004  -0.007  -0.005
  0.008  -0.007   0.001
  0.004  -0.009  -0.006
c90
3×3 Array{Float64,2}:
 0.786  0.898  0.914
 0.814  0.924  0.938
 0.808  0.91   0.908
c95
3×3 Array{Float64,2}:
 0.838  0.956  0.966
 0.856  0.964  0.966
 0.88   0.952  0.954
c99
3×3 Array{Float64,2}:
 0.898  0.996  0.998
 0.916  0.984  0.988
 0.92   0.996  0.992